<?xml version="1.0" encoding="UTF-8"?>
<testng-results ignored="0" total="1" passed="1" failed="0" skipped="0">
  <reporter-output>
  </reporter-output>
  <suite started-at="2025-06-21T14:46:05 IST" name="Default suite" finished-at="2025-06-21T14:46:54 IST" duration-ms="49913">
    <groups>
    </groups>
    <test started-at="2025-06-21T14:46:05 IST" name="Default test" finished-at="2025-06-21T14:46:54 IST" duration-ms="49913">
      <class name="TestClasses.LoginTest">
        <test-method is-config="true" signature="setup()[pri:0, instance:TestClasses.LoginTest@548d708a]" started-at="2025-06-21T14:46:05 IST" name="setup" finished-at="2025-06-21T14:46:49 IST" duration-ms="44247" status="PASS">
          <reporter-output>
          </reporter-output>
        </test-method> <!-- setup -->
        <test-method signature="testLogin()[pri:0, instance:TestClasses.LoginTest@548d708a]" started-at="2025-06-21T14:46:49 IST" name="testLogin" finished-at="2025-06-21T14:46:53 IST" duration-ms="3715" status="PASS">
          <reporter-output>
          </reporter-output>
        </test-method> <!-- testLogin -->
        <test-method is-config="true" signature="tearDown()[pri:0, instance:TestClasses.LoginTest@548d708a]" started-at="2025-06-21T14:46:53 IST" name="tearDown" finished-at="2025-06-21T14:46:54 IST" duration-ms="1827" status="PASS">
          <reporter-output>
          </reporter-output>
        </test-method> <!-- tearDown -->
      </class> <!-- TestClasses.LoginTest -->
    </test> <!-- Default test -->
  </suite> <!-- Default suite -->
</testng-results>
